   Compiling cfg-if v1.0.4
   Compiling generic-array v0.14.9
   Compiling subtle v2.6.1
   Compiling zeroize v1.8.2
   Compiling typenum v1.20.0
   Compiling getrandom v0.2.17
   Compiling const-oid v0.9.6
   Compiling rand_core v0.6.4
   Compiling libm v0.2.16
   Compiling zerocopy v0.8.48
   Compiling serde_core v1.0.228
   Compiling block-buffer v0.10.4
   Compiling crypto-common v0.1.6
   Compiling serde v1.0.228
   Compiling num-traits v0.2.19
   Compiling digest v0.10.7
   Compiling radium v0.7.0
   Compiling either v1.15.0
   Compiling allocator-api2 v0.2.21
   Compiling tap v1.0.1
   Compiling wyz v0.5.1
   Compiling num-integer v0.1.46
   Compiling funty v2.0.0
   Compiling num-bigint v0.4.6
   Compiling bitvec v1.0.1
   Compiling der v0.7.10
   Compiling ppv-lite86 v0.2.21
   Compiling rand_chacha v0.3.1
   Compiling rand v0.8.6
   Compiling foldhash v0.1.5
   Compiling crunchy v0.2.4
   Compiling hashbrown v0.15.5
   Compiling crossbeam-utils v0.8.21
   Compiling sha2 v0.10.9
   Compiling ff v0.13.1
   Compiling group v0.13.0
   Compiling rustc-hex v2.1.0
   Compiling once_cell v1.21.4
   Compiling spki v0.7.3
   Compiling bytes v1.11.1
   Compiling base16ct v0.2.0
   Compiling byteorder v1.5.0
   Compiling static_assertions v1.1.0
   Compiling pkcs8 v0.10.2
   Compiling sec1 v0.7.3
   Compiling ark-std v0.5.0
   Compiling crypto-bigint v0.5.5
   Compiling rlp v0.6.1
   Compiling arrayvec v0.7.6
   Compiling smallvec v1.15.1
   Compiling ark-serialize v0.5.0
   Compiling tiny-keccak v2.0.2
   Compiling impl-rlp v0.4.0
   Compiling ahash v0.8.12
   Compiling fixed-hash v0.8.0
   Compiling impl-serde v0.5.0
   Compiling itertools v0.13.0
   Compiling hmac v0.12.1
   Compiling hex v0.4.3
   Compiling rfc6979 v0.4.0
   Compiling ptr_meta v0.3.1
   Compiling uint v0.10.0
   Compiling crossbeam-epoch v0.9.18
   Compiling elliptic-curve v0.13.8
   Compiling signature v2.2.0
   Compiling equivalent v1.0.2
   Compiling thiserror v2.0.18
   Compiling crossbeam-deque v0.8.6
   Compiling ecdsa v0.16.9
   Compiling ethbloom v0.14.1
   Compiling ark-ff v0.5.0
   Compiling primitive-types v0.13.1
   Compiling rancor v0.1.1
   Compiling ripemd v0.1.3
   Compiling simdutf8 v0.1.5
   Compiling foldhash v0.2.0
   Compiling hashbrown v0.16.1
   Compiling bytecheck v0.8.2
   Compiling ethereum-types v0.15.1
   Compiling anyhow v1.0.102
   Compiling rayon-core v1.13.0
   Compiling primeorder v0.13.6
   Compiling pairing v0.23.0
   Compiling bytemuck v1.25.0
   Compiling zmij v1.0.21
   Compiling safe_arch v0.7.4
   Compiling munge v0.4.7
   Compiling libssz-merkle v0.2.1 (https://github.com/lambdaclass/libssz?rev=7262a4f#7262a4f1)
   Compiling bls12_381 v0.8.0 (https://github.com/lambdaclass/bls12_381?branch=expose-affine-constructors#78cad037)
   Compiling p256 v0.13.2
   Compiling rend v0.5.3
   Compiling k256 v0.13.4
   Compiling libssz v0.2.1 (https://github.com/lambdaclass/libssz?rev=7262a4f#7262a4f1)
   Compiling crossbeam-queue v0.3.12
   Compiling crossbeam-channel v0.5.15
   Compiling itertools v0.14.0
   Compiling ryu v1.0.23
   Compiling hex-literal v0.4.1
   Compiling serde_json v1.0.149
   Compiling crc32fast v1.5.0
   Compiling libc v0.2.185
   Compiling malachite-nz v0.6.1
   Compiling crossbeam v0.8.4
   Compiling rayon v1.12.0
   Compiling rkyv v0.8.15
   Compiling malachite-base v0.6.1
   Compiling wide v0.7.33
   Compiling ark-poly v0.5.0
   Compiling ark-ec v0.5.0
   Compiling ethrex-rlp v12.0.0 (https://github.com/lambdaclass/ethrex.git?rev=b112f94748a222e78b642406155674df9e180ee4#b112f947)
   Compiling tracing-core v0.1.36
   Compiling hashbrown v0.17.0
   Compiling rustc-hash v2.1.2
   Compiling vsimd v0.8.0
   Compiling log v0.4.29
   Compiling memchr v2.8.0
   Compiling lazy_static v1.5.0
   Compiling ark-bn254 v0.5.0
   Compiling itoa v1.0.18
   Compiling outref v0.5.2
   Compiling pin-project-lite v0.2.17
   Compiling tracing v0.1.44
   Compiling hex-simd v0.8.0
   Compiling ethrex-crypto v12.0.0 (https://github.com/lambdaclass/ethrex.git?rev=b112f94748a222e78b642406155674df9e180ee4#b112f947)
   Compiling ethrex-trie v12.0.0 (https://github.com/lambdaclass/ethrex.git?rev=b112f94748a222e78b642406155674df9e180ee4#b112f947)
   Compiling indexmap v2.14.0
   Compiling libssz-types v0.2.1 (https://github.com/lambdaclass/libssz?rev=7262a4f#7262a4f1)
   Compiling lru v0.16.4
   Compiling ethrex-common v12.0.0 (https://github.com/lambdaclass/ethrex.git?rev=b112f94748a222e78b642406155674df9e180ee4#b112f947)
   Compiling keccak v0.1.6
   Compiling sha3 v0.10.9
   Compiling libssz-merkle v0.2.1
   Compiling zkvm-interface v0.18.0 (https://github.com/0xPolygonHermez/zisk.git?tag=v0.18.0#790f9e28)
   Compiling serde_with v3.18.0
   Compiling strum v0.27.2
   Compiling derive_more v1.0.0
   Compiling libssz v0.2.1
   Compiling lambdaworks-math v0.13.0
   Compiling malachite-q v0.6.1
   Compiling malachite v0.6.1
   Compiling fields v0.18.0 (https://github.com/0xPolygonHermez/pil2-proofman.git?tag=v0.18.0#42ad4d02)
   Compiling scopeguard v1.2.0
   Compiling ere-platform-core v0.11.0 (https://github.com/eth-act/ere?tag=v0.11.0#e1d345c5)
   Compiling lib-c v0.18.0 (https://github.com/0xPolygonHermez/zisk.git?tag=v0.18.0#790f9e28)
   Compiling lock_api v0.4.14
   Compiling proofman-verifier v0.18.0 (https://github.com/0xPolygonHermez/pil2-proofman.git?tag=v0.18.0#42ad4d02)
   Compiling ethrex-levm v12.0.0 (https://github.com/lambdaclass/ethrex.git?rev=b112f94748a222e78b642406155674df9e180ee4#b112f947)
   Compiling lambdaworks-crypto v0.13.0
   Compiling dyn-clone v1.0.20
   Compiling ere-codec v0.11.0 (https://github.com/eth-act/ere?tag=v0.11.0#e1d345c5)
   Compiling unty v0.0.4
   Compiling bincode v2.0.1
   Compiling ethrex-vm v12.0.0 (https://github.com/lambdaclass/ethrex.git?rev=b112f94748a222e78b642406155674df9e180ee4#b112f947)
   Compiling libssz-types v0.2.1
   Compiling ethrex-l2-common v12.0.0 (https://github.com/lambdaclass/ethrex.git?rev=b112f94748a222e78b642406155674df9e180ee4#b112f947)
   Compiling zisk-verifier v0.18.0 (https://github.com/0xPolygonHermez/zisk.git?tag=v0.18.0#790f9e28)
   Compiling spin v0.9.8
   Compiling ethrex-guest-program v12.0.0 (https://github.com/lambdaclass/ethrex.git?rev=b112f94748a222e78b642406155674df9e180ee4#b112f947)
   Compiling zisk-definitions v0.18.0 (https://github.com/0xPolygonHermez/zisk.git?tag=v0.18.0#790f9e28)
   Compiling ziskos v0.18.0 (https://github.com/0xPolygonHermez/zisk.git?tag=v0.18.0#790f9e28)
   Compiling stateless-validator-common v0.11.0 (/ere-guests/crates/stateless-validator-common)
   Compiling guest v0.11.0 (/ere-guests/crates/guest)
   Compiling ere-platform-zisk v0.11.0 (https://github.com/eth-act/ere?tag=v0.11.0#e1d345c5)
   Compiling stateless-validator-ethrex v0.11.0 (/ere-guests/crates/stateless-validator-ethrex)
   Compiling stateless-validator-ethrex-zisk v0.1.0 (/ere-guests/bin/stateless-validator-ethrex/zisk)
Pass Arguments:  -tti -targetlibinfo -targetpassconfig -machinemoduleinfo -assumption-cache-tracker -profile-summary-info -tbaa -scoped-noalias-aa -collector-metadata -machine-branch-prob -regalloc-evict -regalloc-priority -pre-isel-intrinsic-lowering -expand-large-div-rem -expand-fp -atomic-expand -domtree -loops -loop-simplify -lazy-branch-prob -lazy-block-freq -opt-remark-emitter -scalar-evolution -loop-data-prefetch -riscv-gather-scatter-lowering -interleaved-access -riscv-codegenprepare -basic-aa -loop-simplify -scalar-evolution -canon-freeze -iv-users -loop-reduce -loop-term-fold -basic-aa -aa -mergeicmps -loops -lazy-branch-prob -lazy-block-freq -expand-memcmp -gc-lowering -shadow-stack-gc-lowering -unreachableblockelim -loops -postdomtree -branch-prob -block-freq -consthoist -replace-with-veclib -lazy-branch-prob -lazy-block-freq -opt-remark-emitter -partially-inline-libcalls -post-inline-ee-instrument -scalarize-masked-mem-intrin -expand-reductions -loops -type-promotion -codegenprepare -domtree -dwarf-eh-prepare -barrier -global-merge -domtree -basic-aa -aa -objc-arc-contract -callbrprepare -safe-stack -stack-protector -basic-aa -aa -loops -postdomtree -branch-prob -debug-ata -lazy-branch-prob -lazy-block-freq -riscv-isel -finalize-isel -riscv-vector-peephole -riscv-fold-mem-offset -lazy-machine-block-freq -early-tailduplication -opt-phis -slotindexes -stack-coloring -localstackalloc -dead-mi-elimination -machinedomtree -machine-loops -machine-block-freq -early-machinelicm -machinedomtree -machine-block-freq -machine-cse -machinepostdomtree -machine-cycles -machine-sink -peephole-opt -dead-mi-elimination -machine-trace-metrics -lazy-machine-block-freq -machine-combiner -riscv-opt-w-instrs -riscv-prera-expand-pseudo -riscv-merge-base-offset -machinedomtree -riscv-vl-optimizer -riscv-insert-read-write-csr -riscv-insert-write-vxrm -riscv-vmv0-elimination -detect-dead-lanes -init-undef -processimpdefs -unreachable-mbb-elimination -livevars -phi-node-elimination -twoaddressinstruction -slotindexes -liveintervals -register-coalescer -rename-independent-subregs -machine-scheduler -machine-block-freq -livedebugvars -livestacks -virtregmap -liveregmatrix -edge-bundles -spill-code-placement -lazy-machine-block-freq -machine-opt-remark-emitter -greedy -virtregrewriter -riscv-insert-vsetvli -riscv-dead-defs -virtregmap -liveregmatrix -greedy -virtregrewriter -regallocscoringpass -stack-slot-coloring -machine-cp -machinelicm -riscv-copyelim -removeredundantdebugvalues -fixup-statepoint-caller-saved -postra-machine-sink -machinedomtree -machine-loops -machine-block-freq -machinepostdomtree -lazy-machine-block-freq -machine-opt-remark-emitter -shrink-wrap -prologepilog -machine-latecleanup -branch-folder -lazy-machine-block-freq -tailduplication -machine-cp -postrapseudos -riscv-post-ra-expand-pseudo -kcfi -riscv-load-store-opt -machinedomtree -machine-loops -postmisched -gc-analysis -machine-block-freq -machinepostdomtree -block-placement -fentry-insert -xray-instrumentation -patchable-function -machine-cp -riscv-late-branch-opt -riscv-indrect-branch-tracking -branch-relaxation -riscv-make-compressible -funclet-layout -remove-loads-into-fake-uses -stackmap-liveness -livedebugvalues -machine-sanmd -machine-outliner -cfi-fixup -lazy-machine-block-freq -machine-opt-remark-emitter -stack-frame-layout -riscv-move-merge -riscv-push-pop-opt -riscv-expand-pseudo -riscv-expand-atomic-pseudo -unpack-mi-bundles -lazy-machine-block-freq -machine-opt-remark-emitter -riscv-asm-printer
Target Transform Information
Target Library Information
Target Pass Configuration
Machine Module Information
Assumption Cache Tracker
Profile summary info
Type-Based Alias Analysis
Scoped NoAlias Alias Analysis
Create Garbage Collector Module Metadata
Machine Branch Probability Analysis
Default Regalloc Eviction Advisor
Default Regalloc Priority Advisor
  ModulePass Manager
    Pre-ISel Intrinsic Lowering
    FunctionPass Manager
      Expand large div/rem
      Expand fp
      Expand Atomic instructions
      RISC-V Zacas ABI fix
      Dominator Tree Construction
      Natural Loop Information
      Canonicalize natural loops
      Lazy Branch Probability Analysis
      Lazy Block Frequency Analysis
      Optimization Remark Emitter
      Scalar Evolution Analysis
      Loop Data Prefetch
      RISC-V gather/scatter lowering
      Interleaved Access Pass
      RISC-V CodeGenPrepare
      Basic Alias Analysis (stateless AA impl)
      Canonicalize natural loops
      Scalar Evolution Analysis
      Loop Pass Manager
        Canonicalize Freeze Instructions in Loops
        Induction Variable Users
        Loop Strength Reduction
        Loop Terminator Folding
      Basic Alias Analysis (stateless AA impl)
      Function Alias Analysis Results
      Merge contiguous icmps into a memcmp
      Natural Loop Information
      Lazy Branch Probability Analysis
      Lazy Block Frequency Analysis
      Expand memcmp() to load/stores
      Lower Garbage Collection Instructions
      Shadow Stack GC Lowering
      Remove unreachable blocks from the CFG
      Natural Loop Information
      Post-Dominator Tree Construction
      Branch Probability Analysis
      Block Frequency Analysis
      Constant Hoisting
      Replace intrinsics with calls to vector library
      Lazy Branch Probability Analysis
      Lazy Block Frequency Analysis
      Optimization Remark Emitter
      Partially inline calls to library functions
      Instrument function entry/exit with calls to e.g. mcount() (post inlining)
      Scalarize Masked Memory Intrinsics
      Expand reduction intrinsics
      Natural Loop Information
      Type Promotion
      CodeGen Prepare
      Dominator Tree Construction
      Exception handling preparation
    A No-Op Barrier Pass
    FunctionPass Manager
      Merge internal globals
      Dominator Tree Construction
      Basic Alias Analysis (stateless AA impl)
      Function Alias Analysis Results
      ObjC ARC contraction
      Prepare callbr
      Safe Stack instrumentation pass
      Insert stack protectors
      Basic Alias Analysis (stateless AA impl)
      Function Alias Analysis Results
      Natural Loop Information
      Post-Dominator Tree Construction
      Branch Probability Analysis
      Assignment Tracking Analysis
      Lazy Branch Probability Analysis
      Lazy Block Frequency Analysis
      RISC-V DAG->DAG Pattern Instruction Selection
      Finalize ISel and expand pseudo-instructions
      RISC-V Vector Peephole Optimization
      RISC-V Fold Memory Offset
      Lazy Machine Block Frequency Analysis
      Early Tail Duplication
      Optimize machine instruction PHIs
      Slot index numbering
      Merge disjoint stack slots
      Local Stack Slot Allocation
      Remove dead machine instructions
      MachineDominator Tree Construction
      Machine Natural Loop Construction
      Machine Block Frequency Analysis
      Early Machine Loop Invariant Code Motion
      MachineDominator Tree Construction
      Machine Block Frequency Analysis
      Machine Common Subexpression Elimination
      MachinePostDominator Tree Construction
      Machine Cycle Info Analysis
      Machine code sinking
      Peephole Optimizations
      Remove dead machine instructions
      Machine Trace Metrics
      Lazy Machine Block Frequency Analysis
      Machine InstCombiner
      RISC-V Optimize W Instructions
      RISC-V Pre-RA pseudo instruction expansion pass
      RISC-V Merge Base Offset
      MachineDominator Tree Construction
      RISC-V VL Optimizer
      RISC-V Insert Read/Write CSR Pass
      RISC-V Insert Write VXRM Pass
      RISC-V Landing Pad Setup
      RISC-V VMV0 Elimination
      Detect Dead Lanes
      Init Undef Pass
      Process Implicit Definitions
      Remove unreachable machine basic blocks
      Live Variable Analysis
      Eliminate PHI nodes for register allocation
      Two-Address instruction pass
      Slot index numbering
      Live Interval Analysis
      Register Coalescer
      Rename Disconnected Subregister Components
      Machine Instruction Scheduler
      Machine Block Frequency Analysis
      Debug Variable Analysis
      Live Stack Slot Analysis
      Virtual Register Map
      Live Register Matrix
      Bundle Machine CFG Edges
      Spill Code Placement Analysis
      Lazy Machine Block Frequency Analysis
      Machine Optimization Remark Emitter
      Greedy Register Allocator
      Virtual Register Rewriter
      RISC-V Insert VSETVLI pass
      RISC-V Dead register definitions
      Virtual Register Map
      Live Register Matrix
      Greedy Register Allocator
      Virtual Register Rewriter
      Register Allocation Pass Scoring
      Stack Slot Coloring
      Machine Copy Propagation Pass
      Machine Loop Invariant Code Motion
      RISC-V Redundant Copy Elimination
      Remove Redundant DEBUG_VALUE analysis
      Fixup Statepoint Caller Saved
      PostRA Machine Sink
      MachineDominator Tree Construction
      Machine Natural Loop Construction
      Machine Block Frequency Analysis
      MachinePostDominator Tree Construction
      Lazy Machine Block Frequency Analysis
      Machine Optimization Remark Emitter
      Shrink Wrapping analysis
      Prologue/Epilogue Insertion & Frame Finalization
      Machine Late Instructions Cleanup Pass
      Control Flow Optimizer
      Lazy Machine Block Frequency Analysis
      Tail Duplication
      Machine Copy Propagation Pass
      Post-RA pseudo instruction expansion pass
      RISC-V post-regalloc pseudo instruction expansion pass
      Insert KCFI indirect call checks
      RISC-V Load / Store Optimizer
      MachineDominator Tree Construction
      Machine Natural Loop Construction
      PostRA Machine Instruction Scheduler
      Analyze Machine Code For Garbage Collection
      Machine Block Frequency Analysis
      MachinePostDominator Tree Construction
      Branch Probability Basic Block Placement
      Insert fentry calls
      Insert XRay ops
      Implement the 'patchable-function' attribute
      Machine Copy Propagation Pass
      RISC-V Late Branch Optimisation Pass
      RISC-V Indirect Branch Tracking
      Branch relaxation pass
      RISC-V Make Compressible
      Contiguously Lay Out Funclets
      Remove Loads Into Fake Uses
      StackMap Liveness Analysis
      Live DEBUG_VALUE analysis
      Machine Sanitizer Binary Metadata
    Machine Outliner
    FunctionPass Manager
      Insert CFI remember/restore state instructions
      Lazy Machine Block Frequency Analysis
      Machine Optimization Remark Emitter
      Stack Frame Layout Analysis
      RISC-V Zcmp move merging pass
      RISC-V Zcmp Push/Pop optimization pass
      RISC-V pseudo instruction expansion pass
      RISC-V atomic pseudo instruction expansion pass
      Unpack machine instruction bundles
      Lazy Machine Block Frequency Analysis
      Machine Optimization Remark Emitter
      RISC-V Assembly Printer
      Free MachineFunction
    Finished `release` profile [optimized] target(s) in 2m 00s
