---
PWD=/
RUSTC_WRAPPER_CALL: /usr/local/rustup/toolchains/1.88.0-x86_64-unknown-linux-gnu/bin/rustc -vV
---
PWD=/
RUSTC_WRAPPER_CALL: /usr/local/rustup/toolchains/1.88.0-x86_64-unknown-linux-gnu/bin/rustc - --crate-name ___ --print=file-names --crate-type bin --crate-type rlib --crate-type dylib --crate-type cdylib --crate-type staticlib --crate-type proc-macro --print=sysroot --print=split-debuginfo --print=crate-name --print=cfg -Wwarnings
---
PWD=/
RUSTC_WRAPPER_CALL: /usr/local/rustup/toolchains/1.88.0-x86_64-unknown-linux-gnu/bin/rustc -vV
---
PWD=/
RUSTC_WRAPPER_CALL: /root/.zisk/toolchains/9MEECpNBlQ/bin/rustc -vV
---
PWD=/
RUSTC_WRAPPER_CALL: /root/.zisk/toolchains/9MEECpNBlQ/bin/rustc - --crate-name ___ --print=file-names --crate-type bin --crate-type rlib --crate-type dylib --crate-type cdylib --crate-type staticlib --crate-type proc-macro --print=sysroot --print=split-debuginfo --print=crate-name --print=cfg -Wwarnings
---
PWD=/
RUSTC_WRAPPER_CALL: /root/.zisk/toolchains/9MEECpNBlQ/bin/rustc - --crate-name ___ --print=file-names --target riscv64ima-zisk-zkvm-elf --crate-type bin --crate-type rlib --crate-type dylib --crate-type cdylib --crate-type staticlib --crate-type proc-macro --print=sysroot --print=split-debuginfo --print=crate-name --print=cfg -Wwarnings
---
PWD=/
RUSTC_WRAPPER_CALL: /root/.zisk/toolchains/9MEECpNBlQ/bin/rustc -vV
